
   Program: 
  1   FnDecl: 
         (return type) Type: void
  1      Identifier: main
         (body) StmtBlock: 
            SwitchStmt: 
  2            VarExpr: 
  2               Identifier: num
               Case: 
  3               IntConstant: 1
  3               AssignExpr: 
  3                  VarExpr: 
  3                     Identifier: i
  3                  Operator: =
  3                  IntConstant: 1
  3               BreakStmt: 
               Case: 
  4               IntConstant: 2
  4               AssignExpr: 
  4                  VarExpr: 
  4                     Identifier: i
  4                  Operator: =
  4                  IntConstant: 10
               Default: 
  5               AssignExpr: 
  5                  VarExpr: 
  5                     Identifier: i
  5                  Operator: =
  5                  IntConstant: 11
  5               BreakStmt: 
